\BOOKMARK [1][-]{section.1}{\376\377\000F\000i\000r\000s\000t\000\040\000S\000e\000c\000t\000i\000o\000n}{}% 1
\BOOKMARK [2][-]{subsection.1.1}{\376\377\000W\000h\000a\000t\000\040\000I\000s\000\040\000a\000t\000\040\000S\000t\000a\000k\000e\000?}{section.1}% 2
\BOOKMARK [1][-]{section.2}{\376\377\000T\000h\000e\000\040\000F\000r\000e\000e\000\040\000C\000h\000u\000r\000c\000h\000\040\000B\000o\000d\000y}{}% 3
\BOOKMARK [2][-]{subsection.2.1}{\376\377\000T\000h\000e\000\040\000C\000o\000n\000g\000r\000e\000g\000a\000t\000i\000o\000n}{section.2}% 4
\BOOKMARK [2][-]{subsection.2.2}{\376\377\000T\000h\000e\000\040\000M\000i\000n\000i\000s\000t\000r\000y\000\040\000i\000n\000\040\000t\000h\000e\000\040\000F\000r\000e\000e\000\040\000C\000o\000n\000g\000r\000e\000g\000a\000t\000i\000o\000n}{section.2}% 5
\BOOKMARK [2][-]{subsection.2.3}{\376\377\000T\000h\000e\000\040\000P\000a\000s\000t\000o\000r\000a\000l\000\040\000O\000f\000f\000i\000c\000e\000\040\000a\000n\000d\000\040\000t\000h\000e\000\040\000P\000r\000i\000e\000s\000t\000h\000o\000o\000d\000\040\000o\000f\000\040\000t\000h\000e\000\040\000L\000a\000i\000t\000y}{section.2}% 6
\BOOKMARK [2][-]{subsection.2.4}{\376\377\000T\000h\000e\000\040\000D\000i\000a\000c\000o\000n\000a\000l\000\040\000O\000f\000f\000i\000c\000e\000\040\000i\000n\000\040\000t\000h\000e\000\040\000C\000o\000n\000g\000r\000e\000g\000a\000t\000i\000o\000n}{section.2}% 7
\BOOKMARK [2][-]{subsection.2.5}{\376\377\000T\000h\000e\000\040\000F\000e\000l\000l\000o\000w\000s\000h\000i\000p\000\040\000o\000f\000\040\000t\000h\000e\000\040\000C\000o\000n\000g\000r\000e\000g\000a\000t\000i\000o\000n\000s}{section.2}% 8
\BOOKMARK [1][-]{section.3}{\376\377\000T\000h\000i\000r\000d\000\040\000S\000e\000c\000t\000i\000o\000n}{}% 9
\BOOKMARK [2][-]{subsection.3.1}{\376\377\000T\000h\000e\000\040\000O\000l\000d\000\040\000C\000h\000u\000r\000c\000h\000\040\000O\000r\000d\000e\000r}{section.3}% 10
\BOOKMARK [3][-]{subsubsection.3.1.1}{\376\377\000W\000h\000a\000t\000\040\000i\000s\000\040\000t\000h\000e\000\040\000M\000e\000a\000n\000i\000n\000g\000?}{subsection.3.1}% 11
\BOOKMARK [3][-]{subsubsection.3.1.2}{\376\377\000W\000h\000y\000\040\000N\000o\000t\000\040\000A\000n\000s\000w\000e\000r\000?}{subsection.3.1}% 12
\BOOKMARK [3][-]{subsubsection.3.1.3}{\376\377\000H\000o\000w\000\040\000O\000l\000d\000\040\000I\000s\000\040\040\034\000t\000h\000e\000\040\000O\000l\000d\000\040\000C\000h\000u\000r\000c\000h\000\040\000O\000r\000d\000e\000r\000?\000"}{subsection.3.1}% 13
\BOOKMARK [3][-]{subsubsection.3.1.4}{\376\377\000O\000n\000\040\000t\000h\000e\000\040\000F\000o\000u\000n\000d\000a\000t\000i\000o\000n\000\040\000o\000f\000\040\000t\000h\000e\000\040\000S\000t\000a\000t\000e\000\040\000C\000h\000u\000r\000c\000h}{subsection.3.1}% 14
\BOOKMARK [3][-]{subsubsection.3.1.5}{\376\377\000T\000h\000e\000\040\000O\000l\000d\000\040\000C\000h\000u\000r\000c\000h\000\040\000O\000r\000d\000e\000r\000\040\000a\000n\000d\000\040\000t\000h\000e\000\040\000E\000d\000u\000c\000a\000t\000i\000o\000n\000\040\000o\000f\000\040\000P\000a\000s\000t\000o\000r\000s}{subsection.3.1}% 15
\BOOKMARK [3][-]{subsubsection.3.1.6}{\376\377\000H\000a\000s\000\040\000t\000h\000e\000\040\000C\000o\000n\000g\000r\000e\000g\000a\000t\000i\000o\000n\000\040\000B\000e\000e\000n\000\040\000H\000a\000r\000m\000e\000d\000?}{subsection.3.1}% 16
\BOOKMARK [2][-]{subsection.3.2}{\376\377\000D\000o\000\040\000Y\000o\000u\000\040\000W\000a\000n\000t\000\040\000a\000\040\000C\000o\000n\000g\000r\000e\000g\000a\000t\000i\000o\000n\000?}{section.3}% 17
\BOOKMARK [3][-]{subsubsection.3.2.1}{\376\377\000I\000s\000\040\000I\000t\000\040\000P\000r\000i\000d\000e\000?}{subsection.3.2}% 18
\BOOKMARK [3][-]{subsubsection.3.2.2}{\376\377\000W\000i\000l\000l\000\040\000y\000e\000\040\000h\000a\000v\000e\000\040\000c\000o\000n\000g\000r\000e\000g\000a\000t\000i\000o\000n\000?}{subsection.3.2}% 19
\BOOKMARK [3][-]{subsubsection.3.2.3}{\376\377\000W\000h\000a\000t\000\040\000i\000s\000\040\000c\000o\000n\000g\000r\000e\000g\000a\000t\000i\000o\000n\000?}{subsection.3.2}% 20
\BOOKMARK [3][-]{subsubsection.3.2.4}{\376\377\000T\000h\000e\000\040\000B\000o\000d\000y\000\040\000o\000f\000\040\000C\000h\000r\000i\000s\000t}{subsection.3.2}% 21
\BOOKMARK [1][-]{section.4}{\376\377\000S\000i\000x\000t\000h\000\040\000S\000e\000c\000t\000i\000o\000n}{}% 22
\BOOKMARK [2][-]{subsection.4.1}{\376\377\000C\000o\000n\000g\000r\000e\000g\000a\000t\000i\000o\000n\000\040\000a\000n\000d\000\040\000C\000o\000n\000g\000r\000e\000g\000a\000t\000i\000o\000n\000a\000l\000\040\000L\000i\000f\000e}{section.4}% 23
\BOOKMARK [2][-]{subsection.4.2}{\376\377\000T\000h\000e\000\040\000C\000o\000n\000d\000i\000t\000i\000o\000n\000s\000\040\000f\000o\000r\000\040\000t\000h\000e\000\040\000F\000o\000r\000m\000a\000t\000i\000o\000n\000\040\000o\000f\000\040\000C\000o\000n\000g\000r\000e\000g\000a\000t\000i\000o\000n\000s}{section.4}% 24
\BOOKMARK [2][-]{subsection.4.3}{\376\377\000T\000h\000e\000\040\000S\000i\000g\000n\000i\000f\000i\000c\000a\000n\000c\000e\000\040\000o\000f\000\040\000M\000i\000s\000s\000i\000o\000n\000\040\000f\000o\000r\000\040\000t\000h\000e\000\040\000C\000h\000u\000r\000c\000h}{section.4}% 25
\BOOKMARK [2][-]{subsection.4.4}{\376\377\000T\000h\000e\000\040\000U\000n\000i\000t\000y\000\040\000o\000f\000\040\000t\000h\000e\000\040\000B\000e\000l\000i\000e\000v\000e\000r\000s}{section.4}% 26
